# JRE version: OpenJDK Runtime Environment Temurin-17.0.10+7 (17.0.10+7) (build 17.0.10+7)
# Java VM: OpenJDK 64-Bit Server VM Temurin-17.0.10+7 (17.0.10+7, mixed mode, emulated-client, tiered, compressed oops, compressed class ptrs, g1 gc, windows-amd64)
GC Precious Log:
 CPUs: 8 total, 8 available
 Memory: 15808M
 Large Page Support: Disabled
 NUMA Support: Disabled
 Compressed Oops: Enabled (32-bit)
 Heap Region Size: 1M
 Heap Min Capacity: 8M
 Heap Initial Capacity: 248M
 Heap Max Capacity: 1G
 Pre-touch: Disabled
 Parallel Workers: 8
 Concurrent Workers: 2
 Concurrent Refinement Workers: 8
 Periodic GC: Disabled
Heap:
 garbage-first heap   total 81920K, used 35641K [0x00000000c0000000, 0x0000000100000000)
  region size 1024K, 1 young (1024K), 0 survivors (0K)
 Metaspace       used 58480K, committed 59008K, reserved 1114112K
  class space    used 7258K, committed 7488K, reserved 1048576K
GC Heap History (20 events):
Event: 7660.130 GC heap before
{Heap before GC invocations=354 (full 334):
 garbage-first heap   total 81920K, used 35641K [0x00000000c0000000, 0x0000000100000000)
  region size 1024K, 1 young (1024K), 0 survivors (0K)
 Metaspace       used 58480K, committed 59008K, reserved 1114112K
  class space    used 7258K, committed 7488K, reserved 1048576K
}
Event: 7660.159 GC heap after
{Heap after GC invocations=355 (full 335):
 garbage-first heap   total 81920K, used 35641K [0x00000000c0000000, 0x0000000100000000)
  region size 1024K, 0 young (0K), 0 survivors (0K)
 Metaspace       used 58480K, committed 59008K, reserved 1114112K
  class space    used 7258K, committed 7488K, reserved 1048576K
}
Event: 7670.322 GC heap before
{Heap before GC invocations=355 (full 335):
 garbage-first heap   total 81920K, used 35641K [0x00000000c0000000, 0x0000000100000000)
  region size 1024K, 1 young (1024K), 0 survivors (0K)
 Metaspace       used 58480K, committed 59008K, reserved 1114112K
  class space    used 7258K, committed 7488K, reserved 1048576K
}
Event: 7670.349 GC heap after
{Heap after GC invocations=356 (full 336):
 garbage-first heap   total 81920K, used 35640K [0x00000000c0000000, 0x0000000100000000)
  region size 1024K, 0 young (0K), 0 survivors (0K)
 Metaspace       used 58480K, committed 59008K, reserved 1114112K
  class space    used 7258K, committed 7488K, reserved 1048576K
}
Event: 7680.526 GC heap before
{Heap before GC invocations=356 (full 336):
 garbage-first heap   total 81920K, used 35640K [0x00000000c0000000, 0x0000000100000000)
  region size 1024K, 1 young (1024K), 0 survivors (0K)
 Metaspace       used 58480K, committed 59008K, reserved 1114112K
  class space    used 7258K, committed 7488K, reserved 1048576K
}
Event: 7680.554 GC heap after
{Heap after GC invocations=357 (full 337):
 garbage-first heap   total 81920K, used 35640K [0x00000000c0000000, 0x0000000100000000)
  region size 1024K, 0 young (0K), 0 survivors (0K)
 Metaspace       used 58480K, committed 59008K, reserved 1114112K
  class space    used 7258K, committed 7488K, reserved 1048576K
}
Event: 7690.730 GC heap before
{Heap before GC invocations=357 (full 337):
 garbage-first heap   total 81920K, used 35640K [0x00000000c0000000, 0x0000000100000000)
  region size 1024K, 1 young (1024K), 0 survivors (0K)
 Metaspace       used 58480K, committed 59008K, reserved 1114112K
  class space    used 7258K, committed 7488K, reserved 1048576K
}
Event: 7690.758 GC heap after
{Heap after GC invocations=358 (full 338):
 garbage-first heap   total 81920K, used 35640K [0x00000000c0000000, 0x0000000100000000)
  region size 1024K, 0 young (0K), 0 survivors (0K)
 Metaspace       used 58480K, committed 59008K, reserved 1114112K
  class space    used 7258K, committed 7488K, reserved 1048576K
}
Event: 7700.923 GC heap before
{Heap before GC invocations=358 (full 338):
 garbage-first heap   total 81920K, used 35640K [0x00000000c0000000, 0x0000000100000000)
  region size 1024K, 1 young (1024K), 0 survivors (0K)
 Metaspace       used 58480K, committed 59008K, reserved 1114112K
  class space    used 7258K, committed 7488K, reserved 1048576K
}
Event: 7700.952 GC heap after
{Heap after GC invocations=359 (full 339):
 garbage-first heap   total 81920K, used 35640K [0x00000000c0000000, 0x0000000100000000)
  region size 1024K, 0 young (0K), 0 survivors (0K)
 Metaspace       used 58480K, committed 59008K, reserved 1114112K
  class space    used 7258K, committed 7488K, reserved 1048576K
}
Event: 7711.113 GC heap before
{Heap before GC invocations=359 (full 339):
 garbage-first heap   total 81920K, used 35640K [0x00000000c0000000, 0x0000000100000000)
  region size 1024K, 1 young (1024K), 0 survivors (0K)
 Metaspace       used 58480K, committed 59008K, reserved 1114112K
  class space    used 7258K, committed 7488K, reserved 1048576K
}
Event: 7711.141 GC heap after
{Heap after GC invocations=360 (full 340):
 garbage-first heap   total 81920K, used 35640K [0x00000000c0000000, 0x0000000100000000)
  region size 1024K, 0 young (0K), 0 survivors (0K)
 Metaspace       used 58480K, committed 59008K, reserved 1114112K
  class space    used 7258K, committed 7488K, reserved 1048576K
}
Event: 7721.358 GC heap before
{Heap before GC invocations=360 (full 340):
 garbage-first heap   total 81920K, used 35640K [0x00000000c0000000, 0x0000000100000000)
  region size 1024K, 1 young (1024K), 0 survivors (0K)
 Metaspace       used 58480K, committed 59008K, reserved 1114112K
  class space    used 7258K, committed 7488K, reserved 1048576K
}
Event: 7721.389 GC heap after
{Heap after GC invocations=361 (full 341):
 garbage-first heap   total 81920K, used 35640K [0x00000000c0000000, 0x0000000100000000)
  region size 1024K, 0 young (0K), 0 survivors (0K)
 Metaspace       used 58480K, committed 59008K, reserved 1114112K
  class space    used 7258K, committed 7488K, reserved 1048576K
}
Event: 7881.760 GC heap before
{Heap before GC invocations=361 (full 341):
 garbage-first heap   total 81920K, used 37688K [0x00000000c0000000, 0x0000000100000000)
  region size 1024K, 3 young (3072K), 0 survivors (0K)
 Metaspace       used 58480K, committed 59008K, reserved 1114112K
  class space    used 7258K, committed 7488K, reserved 1048576K
}
Event: 7881.790 GC heap after
{Heap after GC invocations=362 (full 342):
 garbage-first heap   total 81920K, used 35641K [0x00000000c0000000, 0x0000000100000000)
  region size 1024K, 0 young (0K), 0 survivors (0K)
 Metaspace       used 58480K, committed 59008K, reserved 1114112K
  class space    used 7258K, committed 7488K, reserved 1048576K
}
Event: 7891.990 GC heap before
{Heap before GC invocations=362 (full 342):
 garbage-first heap   total 81920K, used 35641K [0x00000000c0000000, 0x0000000100000000)
  region size 1024K, 1 young (1024K), 0 survivors (0K)
 Metaspace       used 58480K, committed 59008K, reserved 1114112K
  class space    used 7258K, committed 7488K, reserved 1048576K
}
Event: 7892.020 GC heap after
{Heap after GC invocations=363 (full 343):
 garbage-first heap   total 81920K, used 35641K [0x00000000c0000000, 0x0000000100000000)
  region size 1024K, 0 young (0K), 0 survivors (0K)
 Metaspace       used 58480K, committed 59008K, reserved 1114112K
  class space    used 7258K, committed 7488K, reserved 1048576K
}
Event: 7903.898 GC heap before
{Heap before GC invocations=363 (full 343):
 garbage-first heap   total 81920K, used 35641K [0x00000000c0000000, 0x0000000100000000)
  region size 1024K, 1 young (1024K), 0 survivors (0K)
 Metaspace       used 58480K, committed 59008K, reserved 1114112K
  class space    used 7258K, committed 7488K, reserved 1048576K
}
Event: 7903.943 GC heap after
{Heap after GC invocations=364 (full 344):
 garbage-first heap   total 81920K, used 35641K [0x00000000c0000000, 0x0000000100000000)
  region size 1024K, 0 young (0K), 0 survivors (0K)
 Metaspace       used 58480K, committed 59008K, reserved 1114112K
  class space    used 7258K, committed 7488K, reserved 1048576K
}

